<?xml version="1.0" encoding="UTF-8"?>
<!-- Generated by org.testng.reporters.JUnitXMLReporter -->
<testsuite hostname="gundar-win7" ignored="0" name="Test" tests="2" failures="2" timestamp="05 Nov 2019 07:06:36 GMT" time="0.078" errors="0">
  <testcase name="TestLogin" time="0.015" classname="EndToEndgroup.Test1HomePage">
    <failure type="java.lang.NullPointerException">
      <![CDATA[java.lang.NullPointerException
at resources.BaseClass.InitializeDriver(BaseClass.java:32)
at EndToEndgroup.Test1HomePage.TestLogin(Test1HomePage.java:28)
at java.util.concurrent.ThreadPoolExecutor.runWorker(ThreadPoolExecutor.java:1142)
at java.util.concurrent.ThreadPoolExecutor$Worker.run(ThreadPoolExecutor.java:617)
at java.lang.Thread.run(Thread.java:748)
... Removed 10 stack frames]]>
    </failure>
  </testcase> <!-- TestLogin -->
  <testcase name="TestLogin" time="0.062" classname="EndToEndgroup.Test1HomePage">
    <failure type="java.lang.NullPointerException">
      <![CDATA[java.lang.NullPointerException
at resources.BaseClass.getscreenshot(BaseClass.java:66)
at EndToEndgroup.Test3Listeners.onTestFailure(Test3Listeners.java:33)
at java.util.concurrent.ThreadPoolExecutor.runWorker(ThreadPoolExecutor.java:1142)
at java.util.concurrent.ThreadPoolExecutor$Worker.run(ThreadPoolExecutor.java:617)
at java.lang.Thread.run(Thread.java:748)
... Removed 7 stack frames]]>
    </failure>
  </testcase> <!-- TestLogin -->
</testsuite> <!-- Test -->
