<?xml version="1.0" encoding="UTF-8"?>
<testng-results skipped="0" failed="0" ignored="0" total="6" passed="6">
  <reporter-output>
  </reporter-output>
  <suite name="Suite" duration-ms="25" started-at="2019-07-23T09:04:59Z" finished-at="2019-07-23T09:04:59Z">
    <groups>
    </groups>
    <test name="Test" duration-ms="25" started-at="2019-07-23T09:04:59Z" finished-at="2019-07-23T09:04:59Z">
      <class name="qaclickacadamy.RestAPITest">
        <test-method status="PASS" signature="RestAPI2()[pri:0, instance:qaclickacadamy.RestAPITest@6df97b55]" name="RestAPI2" duration-ms="0" started-at="2019-07-23T09:04:59Z" finished-at="2019-07-23T09:04:59Z">
          <reporter-output>
          </reporter-output>
        </test-method> <!-- RestAPI2 -->
        <test-method status="PASS" signature="RestAPI1()[pri:0, instance:qaclickacadamy.RestAPITest@6df97b55]" name="RestAPI1" duration-ms="0" started-at="2019-07-23T09:04:59Z" finished-at="2019-07-23T09:04:59Z">
          <reporter-output>
          </reporter-output>
        </test-method> <!-- RestAPI1 -->
      </class> <!-- qaclickacadamy.RestAPITest -->
      <class name="qaclickacadamy.SeleniumTest">
        <test-method status="PASS" signature="SeleniumTest1()[pri:0, instance:qaclickacadamy.SeleniumTest@3cbbc1e0]" name="SeleniumTest1" duration-ms="0" started-at="2019-07-23T09:04:59Z" finished-at="2019-07-23T09:04:59Z">
          <reporter-output>
          </reporter-output>
        </test-method> <!-- SeleniumTest1 -->
        <test-method status="PASS" signature="SeleniumTest2()[pri:0, instance:qaclickacadamy.SeleniumTest@3cbbc1e0]" name="SeleniumTest2" duration-ms="0" started-at="2019-07-23T09:04:59Z" finished-at="2019-07-23T09:04:59Z">
          <reporter-output>
          </reporter-output>
        </test-method> <!-- SeleniumTest2 -->
      </class> <!-- qaclickacadamy.SeleniumTest -->
      <class name="qaclickacadamy.AppiumTest">
        <test-method status="PASS" signature="AppiumTest1()[pri:0, instance:qaclickacadamy.AppiumTest@366e2eef]" name="AppiumTest1" duration-ms="5" started-at="2019-07-23T09:04:59Z" finished-at="2019-07-23T09:04:59Z">
          <reporter-output>
          </reporter-output>
        </test-method> <!-- AppiumTest1 -->
        <test-method status="PASS" signature="AppiumTest2()[pri:0, instance:qaclickacadamy.AppiumTest@366e2eef]" name="AppiumTest2" duration-ms="1" started-at="2019-07-23T09:04:59Z" finished-at="2019-07-23T09:04:59Z">
          <reporter-output>
          </reporter-output>
        </test-method> <!-- AppiumTest2 -->
      </class> <!-- qaclickacadamy.AppiumTest -->
    </test> <!-- Test -->
  </suite> <!-- Suite -->
</testng-results>
