<?xml version="1.0" encoding="UTF-8"?>
<testng-results skipped="0" failed="0" ignored="0" total="0" passed="0">
  <reporter-output>
  </reporter-output>
  <suite name="Suite" duration-ms="78" started-at="2019-11-05T07:06:36Z" finished-at="2019-11-05T07:06:36Z">
    <groups>
    </groups>
    <test name="Test" duration-ms="78" started-at="2019-11-05T07:06:36Z" finished-at="2019-11-05T07:06:36Z">
      <class name="EndToEndgroup.Test1HomePage">
        <test-method status="PASS" signature="tearDown()[pri:0, instance:EndToEndgroup.Test1HomePage@7139992f]" name="tearDown" is-config="true" duration-ms="0" started-at="2019-11-05T07:06:36Z" finished-at="2019-11-05T07:06:36Z">
          <reporter-output>
          </reporter-output>
        </test-method> <!-- tearDown -->
      </class> <!-- EndToEndgroup.Test1HomePage -->
    </test> <!-- Test -->
  </suite> <!-- Suite -->
</testng-results>
