<?xml version="1.0" encoding="UTF-8"?>
<!-- Generated by org.testng.reporters.JUnitXMLReporter -->
<testsuite hostname="gundar-win7" name="Test" tests="1" failures="1" timestamp="29 Nov 2018 09:39:31 GMT" time="20.706" errors="0">
  <testcase name="sendKeys1" time="0.176" classname="TestPackage.TestNGClass1">
    <failure type="org.openqa.selenium.WebDriverException" message="Permission denied to access property &amp;apos;K&amp;apos;
Command duration or timeout: 151 milliseconds
Build info: version: &amp;apos;2.53.1&amp;apos;, revision: &amp;apos;a36b8b1&amp;apos;, time: &amp;apos;2016-06-30 17:32:46&amp;apos;
System info: host: &amp;apos;gundar-win7&amp;apos;, ip: &amp;apos;172.24.42.79&amp;apos;, os.name: &amp;apos;Windows 7&amp;apos;, os.arch: &amp;apos;amd64&amp;apos;, os.version: &amp;apos;6.1&amp;apos;, java.version: &amp;apos;1.8.0_131&amp;apos;
Driver info: org.openqa.selenium.firefox.FirefoxDriver
Capabilities [{applicationCacheEnabled=true, rotatable=false, handlesAlerts=true, databaseEnabled=true, version=32.0, platform=WINDOWS, nativeEvents=false, acceptSslCerts=true, webStorageEnabled=true, locationContextEnabled=true, browserName=firefox, takesScreenshot=true, javascriptEnabled=true, cssSelectorsEnabled=true}]
Session ID: 8060577a-d467-49a6-953b-25948e29e1ed
*** Element info: {Using=link text, value=SIGN-UP}">
      <![CDATA[org.openqa.selenium.WebDriverException: Permission denied to access property 'K'
Command duration or timeout: 151 milliseconds
Build info: version: '2.53.1', revision: 'a36b8b1', time: '2016-06-30 17:32:46'
System info: host: 'gundar-win7', ip: '172.24.42.79', os.name: 'Windows 7', os.arch: 'amd64', os.version: '6.1', java.version: '1.8.0_131'
Driver info: org.openqa.selenium.firefox.FirefoxDriver
Capabilities [{applicationCacheEnabled=true, rotatable=false, handlesAlerts=true, databaseEnabled=true, version=32.0, platform=WINDOWS, nativeEvents=false, acceptSslCerts=true, webStorageEnabled=true, locationContextEnabled=true, browserName=firefox, takesScreenshot=true, javascriptEnabled=true, cssSelectorsEnabled=true}]
Session ID: 8060577a-d467-49a6-953b-25948e29e1ed
*** Element info: {Using=link text, value=SIGN-UP}
	at org.openqa.selenium.remote.ErrorHandler.createThrowable(ErrorHandler.java:206)
	at org.openqa.selenium.remote.ErrorHandler.throwIfResponseFailed(ErrorHandler.java:158)
	at org.openqa.selenium.remote.RemoteWebDriver.execute(RemoteWebDriver.java:678)
	at org.openqa.selenium.remote.RemoteWebDriver.findElement(RemoteWebDriver.java:363)
	at org.openqa.selenium.remote.RemoteWebDriver.findElementByLinkText(RemoteWebDriver.java:428)
	at org.openqa.selenium.By$ByLinkText.findElement(By.java:246)
	at org.openqa.selenium.remote.RemoteWebDriver.findElement(RemoteWebDriver.java:355)
	at TestPackage.TestNGClass1.sendKeys1(TestNGClass1.java:43)
Caused by: org.openqa.selenium.WebDriverException: Permission denied to access property 'K'
Build info: version: '2.53.1', revision: 'a36b8b1', time: '2016-06-30 17:32:46'
System info: host: 'gundar-win7', ip: '172.24.42.79', os.name: 'Windows 7', os.arch: 'amd64', os.version: '6.1', java.version: '1.8.0_131'
Driver info: driver.version: unknown
	at <anonymous class>.[3]</</e.prototype.wrap@https://cdn.ravenjs.com/3.15.0/raven.min.js(?)
	at <anonymous class>.b/</<(https://cdn.ravenjs.com/3.15.0/raven.min.js:2)
... Removed 28 stack frames]]>
    </failure>
  </testcase> <!-- sendKeys1 -->
</testsuite> <!-- Test -->
