<?xml version="1.0" encoding="UTF-8"?>
<!-- Generated by org.testng.reporters.JUnitXMLReporter -->
<testsuite hostname="gundar-win7" ignored="0" name="Default test" tests="6" failures="0" timestamp="12 Sep 2019 14:12:16 GMT" time="21.262" errors="0">
  <testcase name="GetExcelData" time="0.284" classname="groupId1.ReadExcelData"/>
  <testcase name="GetExcelData" time="0.151" classname="groupId1.ReadExcelData"/>
  <testcase name="GetExcelData" time="0.131" classname="groupId1.ReadExcelData"/>
  <testcase name="GetExcelData" time="0.13" classname="groupId1.ReadExcelData"/>
  <testcase name="GetExcelData" time="0.136" classname="groupId1.ReadExcelData"/>
  <testcase name="GetExcelData" time="0.15" classname="groupId1.ReadExcelData"/>
</testsuite> <!-- Default test -->
