<?xml version="1.0" encoding="UTF-8"?>
<!-- Generated by org.testng.reporters.JUnitXMLReporter -->
<testsuite hostname="gundar-win7" ignored="0" name="Test" tests="6" failures="0" timestamp="26 Jul 2019 11:27:38 GMT" time="0.424" errors="0">
  <testcase name="GetExcelData" time="0.006" classname="groupId1.ReadExcelData"/>
  <testcase name="GetExcelData" time="0.001" classname="groupId1.ReadExcelData"/>
  <testcase name="GetExcelData" time="0.001" classname="groupId1.ReadExcelData"/>
  <testcase name="GetExcelData" time="0.001" classname="groupId1.ReadExcelData"/>
  <testcase name="GetExcelData" time="0.001" classname="groupId1.ReadExcelData"/>
  <testcase name="GetExcelData" time="0.001" classname="groupId1.ReadExcelData"/>
</testsuite> <!-- Test -->
