<?xml version="1.0" encoding="UTF-8"?>
<!-- Generated by org.testng.reporters.JUnitXMLReporter -->
<testsuite hostname="gundar-win7" ignored="0" name="Test" tests="6" failures="0" timestamp="26 Jul 2019 12:36:14 GMT" time="13.674" errors="0">
  <testcase name="GetExcelData" time="0.255" classname="groupId1.ReadExcelData"/>
  <testcase name="GetExcelData" time="0.162" classname="groupId1.ReadExcelData"/>
  <testcase name="GetExcelData" time="0.182" classname="groupId1.ReadExcelData"/>
  <testcase name="GetExcelData" time="0.155" classname="groupId1.ReadExcelData"/>
  <testcase name="GetExcelData" time="0.145" classname="groupId1.ReadExcelData"/>
  <testcase name="GetExcelData" time="0.134" classname="groupId1.ReadExcelData"/>
</testsuite> <!-- Test -->
