<?xml version="1.0" encoding="UTF-8"?>
<testng-results skipped="0" failed="0" ignored="0" total="1" passed="1">
  <reporter-output>
  </reporter-output>
  <suite name="Suite" duration-ms="28844" started-at="2019-08-23T19:22:12 IST" finished-at="2019-08-23T19:22:41 IST">
    <groups>
    </groups>
    <test name="Test1" duration-ms="28844" started-at="2019-08-23T19:22:12 IST" finished-at="2019-08-23T19:22:41 IST">
      <class name="group7.ScreenShotAndDeleteCookies">
        <test-method status="PASS" signature="ScreenShotAndDeleteCookiesMethod()[pri:0, instance:group7.ScreenShotAndDeleteCookies@ed9d034]" name="ScreenShotAndDeleteCookiesMethod" duration-ms="28760" started-at="2019-08-23T19:22:12 IST" finished-at="2019-08-23T19:22:41 IST">
          <reporter-output>
          </reporter-output>
        </test-method> <!-- ScreenShotAndDeleteCookiesMethod -->
      </class> <!-- group7.ScreenShotAndDeleteCookies -->
    </test> <!-- Test1 -->
  </suite> <!-- Suite -->
</testng-results>
