<?xml version="1.0" encoding="UTF-8"?>
<testng-results skipped="0" failed="0" ignored="0" total="6" passed="6">
  <reporter-output>
  </reporter-output>
  <suite name="Suite" duration-ms="13674" started-at="2019-07-26T12:36:01Z" finished-at="2019-07-26T12:36:14Z">
    <groups>
    </groups>
    <test name="Test" duration-ms="13674" started-at="2019-07-26T12:36:01Z" finished-at="2019-07-26T12:36:14Z">
      <class name="groupId1.ReadExcelData">
        <test-method status="PASS" signature="launchloginpage()[pri:0, instance:groupId1.ReadExcelData@35fb3008]" name="launchloginpage" is-config="true" duration-ms="12186" started-at="2019-07-26T12:36:01Z" finished-at="2019-07-26T12:36:13Z">
          <reporter-output>
          </reporter-output>
        </test-method> <!-- launchloginpage -->
        <test-method status="PASS" signature="GetExcelData(java.lang.String, java.lang.String)[pri:0, instance:groupId1.ReadExcelData@35fb3008]" name="GetExcelData" duration-ms="255" started-at="2019-07-26T12:36:13Z" data-provider="retrieveData" finished-at="2019-07-26T12:36:14Z">
          <params>
            <param index="0">
              <value>
                <![CDATA[U1]]>
              </value>
            </param>
            <param index="1">
              <value>
                <![CDATA[P1]]>
              </value>
            </param>
          </params>
          <reporter-output>
          </reporter-output>
        </test-method> <!-- GetExcelData -->
        <test-method status="PASS" signature="GetExcelData(java.lang.String, java.lang.String)[pri:0, instance:groupId1.ReadExcelData@35fb3008]" name="GetExcelData" duration-ms="162" started-at="2019-07-26T12:36:14Z" data-provider="retrieveData" finished-at="2019-07-26T12:36:14Z">
          <params>
            <param index="0">
              <value>
                <![CDATA[U2]]>
              </value>
            </param>
            <param index="1">
              <value>
                <![CDATA[P2]]>
              </value>
            </param>
          </params>
          <reporter-output>
          </reporter-output>
        </test-method> <!-- GetExcelData -->
        <test-method status="PASS" signature="GetExcelData(java.lang.String, java.lang.String)[pri:0, instance:groupId1.ReadExcelData@35fb3008]" name="GetExcelData" duration-ms="182" started-at="2019-07-26T12:36:14Z" data-provider="retrieveData" finished-at="2019-07-26T12:36:14Z">
          <params>
            <param index="0">
              <value>
                <![CDATA[U3]]>
              </value>
            </param>
            <param index="1">
              <value>
                <![CDATA[P3]]>
              </value>
            </param>
          </params>
          <reporter-output>
          </reporter-output>
        </test-method> <!-- GetExcelData -->
        <test-method status="PASS" signature="GetExcelData(java.lang.String, java.lang.String)[pri:0, instance:groupId1.ReadExcelData@35fb3008]" name="GetExcelData" duration-ms="155" started-at="2019-07-26T12:36:14Z" data-provider="retrieveData" finished-at="2019-07-26T12:36:14Z">
          <params>
            <param index="0">
              <value>
                <![CDATA[U4]]>
              </value>
            </param>
            <param index="1">
              <value>
                <![CDATA[P4]]>
              </value>
            </param>
          </params>
          <reporter-output>
          </reporter-output>
        </test-method> <!-- GetExcelData -->
        <test-method status="PASS" signature="GetExcelData(java.lang.String, java.lang.String)[pri:0, instance:groupId1.ReadExcelData@35fb3008]" name="GetExcelData" duration-ms="145" started-at="2019-07-26T12:36:14Z" data-provider="retrieveData" finished-at="2019-07-26T12:36:14Z">
          <params>
            <param index="0">
              <value>
                <![CDATA[U5]]>
              </value>
            </param>
            <param index="1">
              <value>
                <![CDATA[P5]]>
              </value>
            </param>
          </params>
          <reporter-output>
          </reporter-output>
        </test-method> <!-- GetExcelData -->
        <test-method status="PASS" signature="GetExcelData(java.lang.String, java.lang.String)[pri:0, instance:groupId1.ReadExcelData@35fb3008]" name="GetExcelData" duration-ms="134" started-at="2019-07-26T12:36:14Z" data-provider="retrieveData" finished-at="2019-07-26T12:36:14Z">
          <params>
            <param index="0">
              <value>
                <![CDATA[U6]]>
              </value>
            </param>
            <param index="1">
              <value>
                <![CDATA[P6]]>
              </value>
            </param>
          </params>
          <reporter-output>
          </reporter-output>
        </test-method> <!-- GetExcelData -->
      </class> <!-- groupId1.ReadExcelData -->
    </test> <!-- Test -->
  </suite> <!-- Suite -->
</testng-results>
