<?xml version="1.0" encoding="UTF-8"?>
<!-- Generated by org.testng.reporters.JUnitXMLReporter -->
<testsuite hostname="gundar-win7" name="LoginTest" tests="5" failures="1" timestamp="22 Aug 2019 14:00:32 GMT" time="0.02" errors="0">
  <testcase name="TrainLogin" time="0.0" classname="testPackage.Test4"/>
  <testcase name="CarLogin" time="0.0" classname="testPackage.Test4"/>
  <testcase name="BikeLogin" time="0.0" classname="testPackage.Test4"/>
  <testcase name="FetchFromPropertiesFile" time="0.0" classname="testPackage.Test6">
    <failure type="java.io.FileNotFoundException" message="C:\Users\gundar\workspace\TestNGTutorial\src\testPackage\GlobalProperties.properties (The system cannot find the path specified)">
      <![CDATA[java.io.FileNotFoundException: C:\Users\gundar\workspace\TestNGTutorial\src\testPackage\GlobalProperties.properties (The system cannot find the path specified)
	at java.io.FileInputStream.open0(Native Method)
	at java.io.FileInputStream.open(FileInputStream.java:195)
	at java.io.FileInputStream.<init>(FileInputStream.java:138)
	at java.io.FileInputStream.<init>(FileInputStream.java:93)
	at testPackage.Test6.FetchFromPropertiesFile(Test6.java:32)
... Removed 24 stack frames]]>
    </failure>
  </testcase> <!-- FetchFromPropertiesFile -->
  <testcase name="ParameterExample2" time="0.01" classname="testPackage.Test6"/>
</testsuite> <!-- LoginTest -->
