<?xml version="1.0" encoding="UTF-8"?>
<!-- Generated by org.testng.reporters.JUnitXMLReporter -->
<testsuite hostname="gundar-win7" name="VehicleTest" tests="14" failures="2" timestamp="22 Aug 2019 14:00:32 GMT" time="0.05" errors="0">
  <testcase name="Car1" time="0.01" classname="testPackage.Test1"/>
  <testcase name="Car3" time="0.0" classname="testPackage.Test1"/>
  <testcase name="Bike1" time="0.0" classname="testPackage.Test2"/>
  <testcase name="Bike2" time="0.0" classname="testPackage.Test2"/>
  <testcase name="Bike3" time="0.0" classname="testPackage.Test2"/>
  <testcase name="Train1" time="0.0" classname="testPackage.Test3"/>
  <testcase name="Train2" time="0.0" classname="testPackage.Test3"/>
  <testcase name="Train3" time="0.0" classname="testPackage.Test3"/>
  <testcase name="ParameterExample1" time="0.0" classname="testPackage.Test5">
    <failure type="java.io.FileNotFoundException" message="C:\Users\gundar\workspace\TestNGTutorial\src\testPackage\GlobalProperties.properties (The system cannot find the path specified)">
      <![CDATA[java.io.FileNotFoundException: C:\Users\gundar\workspace\TestNGTutorial\src\testPackage\GlobalProperties.properties (The system cannot find the path specified)
	at java.io.FileInputStream.open0(Native Method)
	at java.io.FileInputStream.open(FileInputStream.java:195)
	at java.io.FileInputStream.<init>(FileInputStream.java:138)
	at java.io.FileInputStream.<init>(FileInputStream.java:93)
	at testPackage.Test6.FetchFromPropertiesFile(Test6.java:32)
	at testPackage.Test5.ParameterExample1(Test5.java:16)
... Removed 24 stack frames]]>
    </failure>
  </testcase> <!-- ParameterExample1 -->
  <testcase name="ParameterExample3" time="0.0" classname="testPackage.Test5"/>
  <testcase name="ParameterExample3" time="0.0" classname="testPackage.Test5"/>
  <testcase name="ParameterExample3" time="0.0" classname="testPackage.Test5"/>
  <testcase name="FetchFromPropertiesFile" time="0.0" classname="testPackage.Test5">
    <failure type="java.io.FileNotFoundException" message="C:\Users\gundar\workspace\TestNGTutorial\src\testPackage\GlobalProperties.properties (The system cannot find the path specified)">
      <![CDATA[java.io.FileNotFoundException: C:\Users\gundar\workspace\TestNGTutorial\src\testPackage\GlobalProperties.properties (The system cannot find the path specified)
	at java.io.FileInputStream.open0(Native Method)
	at java.io.FileInputStream.open(FileInputStream.java:195)
	at java.io.FileInputStream.<init>(FileInputStream.java:138)
	at java.io.FileInputStream.<init>(FileInputStream.java:93)
	at testPackage.Test6.FetchFromPropertiesFile(Test6.java:32)
... Removed 24 stack frames]]>
    </failure>
  </testcase> <!-- FetchFromPropertiesFile -->
  <testcase name="ParameterExample2" time="0.0" classname="testPackage.Test5">
    <skipped/>
  </testcase> <!-- ParameterExample2 -->
</testsuite> <!-- VehicleTest -->
