<?xml version="1.0" encoding="UTF-8"?>
<!-- Generated by org.testng.reporters.JUnitXMLReporter -->
<testsuite hostname="gundar-win7" ignored="0" name="Test" tests="6" failures="0" timestamp="23 Jul 2019 09:04:59 GMT" time="0.025" errors="0">
  <testcase name="AppiumTest1" time="0.005" classname="qaclickacadamy.AppiumTest"/>
  <testcase name="AppiumTest2" time="0.001" classname="qaclickacadamy.AppiumTest"/>
  <testcase name="RestAPI1" time="0.0" classname="qaclickacadamy.RestAPITest"/>
  <testcase name="RestAPI2" time="0.0" classname="qaclickacadamy.RestAPITest"/>
  <testcase name="SeleniumTest1" time="0.0" classname="qaclickacadamy.SeleniumTest"/>
  <testcase name="SeleniumTest2" time="0.0" classname="qaclickacadamy.SeleniumTest"/>
</testsuite> <!-- Test -->
